# JRE version: Java(TM) SE Runtime Environment (8.0_20-b26) (build 1.8.0_20-b26)
# Java VM: Java HotSpot(TM) 64-Bit Server VM (25.20-b23 mixed mode windows-amd64 compressed oops)
Heap:
 PSYoungGen      total 277504K, used 158802K [0x00000000eab00000, 0x00000000ffc00000, 0x0000000100000000)
  eden space 208896K, 63% used [0x00000000eab00000,0x00000000f2cf7640,0x00000000f7700000)
  from space 68608K, 37% used [0x00000000f7700000,0x00000000f901d4b0,0x00000000fba00000)
  to   space 66048K, 0% used [0x00000000fbb80000,0x00000000fbb80000,0x00000000ffc00000)
 ParOldGen       total 230912K, used 119356K [0x00000000c0000000, 0x00000000ce180000, 0x00000000eab00000)
  object space 230912K, 51% used [0x00000000c0000000,0x00000000c748f390,0x00000000ce180000)
 Metaspace       used 98875K, capacity 103154K, committed 132776K, reserved 1161216K
  class space    used 12700K, capacity 14085K, committed 20648K, reserved 1048576K
GC Heap History (10 events):
Event: 3416.644 GC heap before
{Heap before GC invocations=52 (full 10):
 PSYoungGen      total 258048K, used 210944K [0x00000000eab00000, 0x0000000100000000, 0x0000000100000000)
  eden space 210944K, 100% used [0x00000000eab00000,0x00000000f7900000,0x00000000f7900000)
  from space 47104K, 0% used [0x00000000f7900000,0x00000000f7900000,0x00000000fa700000)
  to   space 71680K, 0% used [0x00000000fba00000,0x00000000fba00000,0x0000000100000000)
 ParOldGen       total 230912K, used 142690K [0x00000000c0000000, 0x00000000ce180000, 0x00000000eab00000)
  object space 230912K, 61% used [0x00000000c0000000,0x00000000c8b58820,0x00000000ce180000)
 Metaspace       used 131573K, capacity 137868K, committed 140968K, reserved 1169408K
  class space    used 17398K, capacity 19535K, committed 20392K, reserved 1048576K
Event: 3416.808 GC heap after
Heap after GC invocations=52 (full 10):
 PSYoungGen      total 280576K, used 25664K [0x00000000eab00000, 0x0000000100000000, 0x0000000100000000)
  eden space 208896K, 0% used [0x00000000eab00000,0x00000000eab00000,0x00000000f7700000)
  from space 71680K, 35% used [0x00000000fba00000,0x00000000fd3102d8,0x0000000100000000)
  to   space 68608K, 0% used [0x00000000f7700000,0x00000000f7700000,0x00000000fba00000)
 ParOldGen       total 230912K, used 142698K [0x00000000c0000000, 0x00000000ce180000, 0x00000000eab00000)
  object space 230912K, 61% used [0x00000000c0000000,0x00000000c8b5a820,0x00000000ce180000)
 Metaspace       used 131573K, capacity 137868K, committed 140968K, reserved 1169408K
  class space    used 17398K, capacity 19535K, committed 20392K, reserved 1048576K
}
Event: 3494.865 GC heap before
{Heap before GC invocations=53 (full 10):
 PSYoungGen      total 280576K, used 234560K [0x00000000eab00000, 0x0000000100000000, 0x0000000100000000)
  eden space 208896K, 100% used [0x00000000eab00000,0x00000000f7700000,0x00000000f7700000)
  from space 71680K, 35% used [0x00000000fba00000,0x00000000fd3102d8,0x0000000100000000)
  to   space 68608K, 0% used [0x00000000f7700000,0x00000000f7700000,0x00000000fba00000)
 ParOldGen       total 230912K, used 142698K [0x00000000c0000000, 0x00000000ce180000, 0x00000000eab00000)
  object space 230912K, 61% used [0x00000000c0000000,0x00000000c8b5a820,0x00000000ce180000)
 Metaspace       used 132865K, capacity 139554K, committed 142120K, reserved 1171456K
  class space    used 17602K, capacity 19853K, committed 20520K, reserved 1048576K
Event: 3495.652 GC heap after
Heap after GC invocations=53 (full 10):
 PSYoungGen      total 277504K, used 46388K [0x00000000eab00000, 0x0000000100000000, 0x0000000100000000)
  eden space 208896K, 0% used [0x00000000eab00000,0x00000000eab00000,0x00000000f7700000)
  from space 68608K, 67% used [0x00000000f7700000,0x00000000fa44d1d0,0x00000000fba00000)
  to   space 70656K, 0% used [0x00000000fbb00000,0x00000000fbb00000,0x0000000100000000)
 ParOldGen       total 230912K, used 142706K [0x00000000c0000000, 0x00000000ce180000, 0x00000000eab00000)
  object space 230912K, 61% used [0x00000000c0000000,0x00000000c8b5c820,0x00000000ce180000)
 Metaspace       used 132865K, capacity 139554K, committed 142120K, reserved 1171456K
  class space    used 17602K, capacity 19853K, committed 20520K, reserved 1048576K
}
Event: 3589.759 GC heap before
{Heap before GC invocations=54 (full 10):
 PSYoungGen      total 277504K, used 154406K [0x00000000eab00000, 0x0000000100000000, 0x0000000100000000)
  eden space 208896K, 51% used [0x00000000eab00000,0x00000000f147c6c8,0x00000000f7700000)
  from space 68608K, 67% used [0x00000000f7700000,0x00000000fa44d1d0,0x00000000fba00000)
  to   space 70656K, 0% used [0x00000000fbb00000,0x00000000fbb00000,0x0000000100000000)
 ParOldGen       total 230912K, used 142706K [0x00000000c0000000, 0x00000000ce180000, 0x00000000eab00000)
  object space 230912K, 61% used [0x00000000c0000000,0x00000000c8b5c820,0x00000000ce180000)
 Metaspace       used 133790K, capacity 140554K, committed 143016K, reserved 1171456K
  class space    used 17744K, capacity 19997K, committed 20648K, reserved 1048576K
Event: 3590.370 GC heap after
Heap after GC invocations=54 (full 10):
 PSYoungGen      total 276480K, used 22106K [0x00000000eab00000, 0x00000000ffd00000, 0x0000000100000000)
  eden space 208896K, 0% used [0x00000000eab00000,0x00000000eab00000,0x00000000f7700000)
  from space 67584K, 32% used [0x00000000fbb00000,0x00000000fd096ab0,0x00000000ffd00000)
  to   space 68608K, 0% used [0x00000000f7700000,0x00000000f7700000,0x00000000fba00000)
 ParOldGen       total 230912K, used 142714K [0x00000000c0000000, 0x00000000ce180000, 0x00000000eab00000)
  object space 230912K, 61% used [0x00000000c0000000,0x00000000c8b5e820,0x00000000ce180000)
 Metaspace       used 133790K, capacity 140554K, committed 143016K, reserved 1171456K
  class space    used 17744K, capacity 19997K, committed 20648K, reserved 1048576K
}
Event: 3590.370 GC heap before
{Heap before GC invocations=55 (full 11):
 PSYoungGen      total 276480K, used 22106K [0x00000000eab00000, 0x00000000ffd00000, 0x0000000100000000)
  eden space 208896K, 0% used [0x00000000eab00000,0x00000000eab00000,0x00000000f7700000)
  from space 67584K, 32% used [0x00000000fbb00000,0x00000000fd096ab0,0x00000000ffd00000)
  to   space 68608K, 0% used [0x00000000f7700000,0x00000000f7700000,0x00000000fba00000)
 ParOldGen       total 230912K, used 142714K [0x00000000c0000000, 0x00000000ce180000, 0x00000000eab00000)
  object space 230912K, 61% used [0x00000000c0000000,0x00000000c8b5e820,0x00000000ce180000)
 Metaspace       used 133790K, capacity 140554K, committed 143016K, reserved 1171456K
  class space    used 17744K, capacity 19997K, committed 20648K, reserved 1048576K
Event: 3683.184 GC heap after
Heap after GC invocations=55 (full 11):
 PSYoungGen      total 276480K, used 0K [0x00000000eab00000, 0x00000000ffd00000, 0x0000000100000000)
  eden space 208896K, 0% used [0x00000000eab00000,0x00000000eab00000,0x00000000f7700000)
  from space 67584K, 0% used [0x00000000fbb00000,0x00000000fbb00000,0x00000000ffd00000)
  to   space 68608K, 0% used [0x00000000f7700000,0x00000000f7700000,0x00000000fba00000)
 ParOldGen       total 230912K, used 119348K [0x00000000c0000000, 0x00000000ce180000, 0x00000000eab00000)
  object space 230912K, 51% used [0x00000000c0000000,0x00000000c748d390,0x00000000ce180000)
 Metaspace       used 90300K, capacity 93712K, committed 132776K, reserved 1161216K
  class space    used 11425K, capacity 12444K, committed 20648K, reserved 1048576K
}
Event: 4292.476 GC heap before
{Heap before GC invocations=56 (full 11):
 PSYoungGen      total 276480K, used 208896K [0x00000000eab00000, 0x00000000ffd00000, 0x0000000100000000)
  eden space 208896K, 100% used [0x00000000eab00000,0x00000000f7700000,0x00000000f7700000)
  from space 67584K, 0% used [0x00000000fbb00000,0x00000000fbb00000,0x00000000ffd00000)
  to   space 68608K, 0% used [0x00000000f7700000,0x00000000f7700000,0x00000000fba00000)
 ParOldGen       total 230912K, used 119348K [0x00000000c0000000, 0x00000000ce180000, 0x00000000eab00000)
  object space 230912K, 51% used [0x00000000c0000000,0x00000000c748d390,0x00000000ce180000)
 Metaspace       used 97404K, capacity 101422K, committed 132776K, reserved 1161216K
  class space    used 12452K, capacity 13722K, committed 20648K, reserved 1048576K
Event: 4594.705 GC heap after
Heap after GC invocations=56 (full 11):
 PSYoungGen      total 277504K, used 25717K [0x00000000eab00000, 0x00000000ffc00000, 0x0000000100000000)
  eden space 208896K, 0% used [0x00000000eab00000,0x00000000eab00000,0x00000000f7700000)
  from space 68608K, 37% used [0x00000000f7700000,0x00000000f901d4b0,0x00000000fba00000)
  to   space 66048K, 0% used [0x00000000fbb80000,0x00000000fbb80000,0x00000000ffc00000)
 ParOldGen       total 230912K, used 119356K [0x00000000c0000000, 0x00000000ce180000, 0x00000000eab00000)
  object space 230912K, 51% used [0x00000000c0000000,0x00000000c748f390,0x00000000ce180000)
 Metaspace       used 97404K, capacity 101422K, committed 132776K, reserved 1161216K
  class space    used 12452K, capacity 13722K, committed 20648K, reserved 1048576K
}

